2026-05-13 23:18:15,353 | INFO | [Zone A] Sensing Pulse | Data: {'audio_harmony': 0.94, 'soil_moisture': 44.5, 'ambient_light': 460.0, 'mycelium_activity': 0.44}
2026-05-13 23:18:15,353 | INFO | [Zone B] Zustand: Harmonie/Wachstum | Dissonanz: 0.2235
2026-05-13 23:18:15,353 | INFO | [Zone C] INTERVENTION: ENHANCE_VITALITY
2026-05-13 23:18:19,354 | INFO | [Zone A] Sensing Pulse | Data: {'audio_harmony': 0.88, 'soil_moisture': 50.3, 'ambient_light': 488.0, 'mycelium_activity': 0.51}
2026-05-13 23:18:19,354 | INFO | [Zone B] Zustand: Harmonie/Wachstum | Dissonanz: 0.0201
2026-05-13 23:18:19,364 | INFO | [Zone C] Resonanz gewahrt: VETO: Dissonanz (0.0201) im absolut gesunden Bereich. System bewahrt respektvolle Zurückhaltung.
2026-05-13 23:18:23,365 | INFO | [Zone A] Sensing Pulse | Data: {'audio_harmony': 0.88, 'soil_moisture': 49.2, 'ambient_light': 492.0, 'mycelium_activity': 0.54}
2026-05-13 23:18:23,365 | INFO | [Zone B] Zustand: Harmonie/Wachstum | Dissonanz: 0.0243
2026-05-13 23:18:23,375 | INFO | [Zone C] Resonanz gewahrt: VETO: Dissonanz (0.0243) im absolut gesunden Bereich. System bewahrt respektvolle Zurückhaltung.
2026-05-13 23:18:27,376 | INFO | [Zone A] Sensing Pulse | Data: {'audio_harmony': 0.91, 'soil_moisture': 49.4, 'ambient_light': 531.0, 'mycelium_activity': 0.49}
2026-05-13 23:18:27,377 | INFO | [Zone B] Zustand: Harmonie/Wachstum | Dissonanz: 0.0223
2026-05-13 23:18:27,395 | INFO | [Zone C] Resonanz gewahrt: VETO: Dissonanz (0.0223) im absolut gesunden Bereich. System bewahrt respektvolle Zurückhaltung.
2026-05-13 23:18:31,396 | INFO | [Zone A] Sensing Pulse | Data: {'audio_harmony': 0.85, 'soil_moisture': 46.0, 'ambient_light': 549.0, 'mycelium_activity': 0.51}
2026-05-13 23:18:31,397 | INFO | [Zone B] Zustand: Harmonie/Wachstum | Dissonanz: 0.0029
2026-05-13 23:18:31,408 | INFO | [Zone C] Resonanz gewahrt: VETO: Dissonanz (0.0029) im absolut gesunden Bereich. System bewahrt respektvolle Zurückhaltung.
2026-05-13 23:18:35,409 | INFO | [Zone A] Sensing Pulse | Data: {'audio_harmony': 0.93, 'soil_moisture': 51.1, 'ambient_light': 519.0, 'mycelium_activity': 0.56}
2026-05-13 23:18:35,410 | INFO | [Zone B] Zustand: Harmonie/Wachstum | Dissonanz: 0.0596
2026-05-13 23:18:35,427 | INFO | [Zone C] Resonanz gewahrt: VETO: Dissonanz (0.0596) im absolut gesunden Bereich. System bewahrt respektvolle Zurückhaltung.
2026-05-13 23:18:39,429 | INFO | [Zone A] Sensing Pulse | Data: {'audio_harmony': 0.78, 'soil_moisture': 48.9, 'ambient_light': 550.0, 'mycelium_activity': 0.52}
2026-05-13 23:18:39,429 | INFO | [Zone B] Zustand: Harmonie/Wachstum | Dissonanz: 0.0245
2026-05-13 23:18:39,434 | INFO | [Zone C] Resonanz gewahrt: VETO: Dissonanz (0.0245) im absolut gesunden Bereich. System bewahrt respektvolle Zurückhaltung.
2026-05-13 23:18:43,435 | INFO | [Zone A] Sensing Pulse | Data: {'audio_harmony': 0.91, 'soil_moisture': 48.7, 'ambient_light': 470.0, 'mycelium_activity': 0.57}
2026-05-13 23:18:43,435 | INFO | [Zone B] Zustand: Harmonie/Wachstum | Dissonanz: 0.0526
2026-05-13 23:18:43,445 | INFO | [Zone C] Resonanz gewahrt: VETO: Dissonanz (0.0526) im absolut gesunden Bereich. System bewahrt respektvolle Zurückhaltung.
2026-05-13 23:18:47,445 | INFO | [Zone A] Sensing Pulse | Data: {'audio_harmony': 0.81, 'soil_moisture': 45.5, 'ambient_light': 550.0, 'mycelium_activity': 0.55}
2026-05-13 23:18:47,446 | INFO | [Zone B] Zustand: Harmonie/Wachstum | Dissonanz: 0.0160
2026-05-13 23:18:47,457 | INFO | [Zone C] Resonanz gewahrt: VETO: Dissonanz (0.0160) im absolut gesunden Bereich. System bewahrt respektvolle Zurückhaltung.
2026-05-13 23:18:51,459 | INFO | [Zone A] Sensing Pulse | Data: {'audio_harmony': 0.92, 'soil_moisture': 44.4, 'ambient_light': 518.0, 'mycelium_activity': 0.46}
2026-05-13 23:18:51,459 | INFO | [Zone B] Zustand: Harmonie/Wachstum | Dissonanz: 0.0322
2026-05-13 23:18:51,470 | INFO | [Zone C] Resonanz gewahrt: VETO: Dissonanz (0.0322) im absolut gesunden Bereich. System bewahrt respektvolle Zurückhaltung.
2026-05-13 23:18:55,471 | INFO | [Zone A] Sensing Pulse | Data: {'audio_harmony': 0.91, 'soil_moisture': 47.5, 'ambient_light': 491.0, 'mycelium_activity': 0.52}
2026-05-13 23:18:55,472 | INFO | [Zone B] Zustand: Harmonie/Wachstum | Dissonanz: 0.0226
2026-05-13 23:18:55,476 | INFO | [Zone C] Resonanz gewahrt: VETO: Dissonanz (0.0226) im absolut gesunden Bereich. System bewahrt respektvolle Zurückhaltung.
2026-05-13 23:18:59,478 | INFO | [Zone A] Sensing Pulse | Data: {'audio_harmony': 0.83, 'soil_moisture': 50.0, 'ambient_light': 501.0, 'mycelium_activity': 0.54}
2026-05-13 23:18:59,478 | INFO | [Zone B] Zustand: Harmonie/Wachstum | Dissonanz: 0.0253
2026-05-13 23:18:59,489 | INFO | [Zone C] Resonanz gewahrt: VETO: Dissonanz (0.0253) im absolut gesunden Bereich. System bewahrt respektvolle Zurückhaltung.
2026-05-13 23:19:03,490 | INFO | [Zone A] Sensing Pulse | Data: {'audio_harmony': 0.81, 'soil_moisture': 43.3, 'ambient_light': 527.0, 'mycelium_activity': 0.42}
2026-05-13 23:19:03,490 | INFO | [Zone B] Zustand: Harmonie/Wachstum | Dissonanz: 0.2200
2026-05-13 23:19:03,490 | INFO | [Zone C] INTERVENTION: ENHANCE_VITALITY
2026-05-13 23:19:07,492 | INFO | [Zone A] Sensing Pulse | Data: {'audio_harmony': 0.78, 'soil_moisture': 43.2, 'ambient_light': 542.0, 'mycelium_activity': 0.48}
2026-05-13 23:19:07,493 | INFO | [Zone B] Zustand: Harmonie/Wachstum | Dissonanz: 0.0210
2026-05-13 23:19:07,504 | INFO | [Zone C] Resonanz gewahrt: VETO: Dissonanz (0.0210) im absolut gesunden Bereich. System bewahrt respektvolle Zurückhaltung.
2026-05-13 23:19:11,506 | INFO | [Zone A] Sensing Pulse | Data: {'audio_harmony': 0.95, 'soil_moisture': 47.4, 'ambient_light': 490.0, 'mycelium_activity': 0.54}
2026-05-13 23:19:11,506 | INFO | [Zone B] Zustand: Harmonie/Wachstum | Dissonanz: 0.2706
2026-05-13 23:19:11,507 | INFO | [Zone C] INTERVENTION: ENHANCE_VITALITY
2026-05-13 23:19:15,509 | INFO | [Zone A] Sensing Pulse | Data: {'audio_harmony': 0.88, 'soil_moisture': 50.3, 'ambient_light': 452.0, 'mycelium_activity': 0.47}
2026-05-13 23:19:15,510 | INFO | [Zone B] Zustand: Harmonie/Wachstum | Dissonanz: 0.0278
2026-05-13 23:19:15,523 | INFO | [Zone C] Resonanz gewahrt: VETO: Dissonanz (0.0278) im absolut gesunden Bereich. System bewahrt respektvolle Zurückhaltung.
2026-05-13 23:19:19,526 | INFO | [Zone A] Sensing Pulse | Data: {'audio_harmony': 0.82, 'soil_moisture': 48.0, 'ambient_light': 510.0, 'mycelium_activity': 0.55}
2026-05-13 23:19:19,526 | INFO | [Zone B] Zustand: Harmonie/Wachstum | Dissonanz: 0.0237
2026-05-13 23:19:19,537 | INFO | [Zone C] Resonanz gewahrt: VETO: Dissonanz (0.0237) im absolut gesunden Bereich. System bewahrt respektvolle Zurückhaltung.
2026-05-13 23:19:23,538 | INFO | [Zone A] Sensing Pulse | Data: {'audio_harmony': 0.95, 'soil_moisture': 44.6, 'ambient_light': 462.0, 'mycelium_activity': 0.57}
2026-05-13 23:19:23,538 | INFO | [Zone B] Zustand: Harmonie/Wachstum | Dissonanz: 0.2706
2026-05-13 23:19:23,538 | INFO | [Zone C] INTERVENTION: ENHANCE_VITALITY
2026-05-13 23:19:27,540 | INFO | [Zone A] Sensing Pulse | Data: {'audio_harmony': 0.78, 'soil_moisture': 51.3, 'ambient_light': 481.0, 'mycelium_activity': 0.57}
2026-05-13 23:19:27,541 | INFO | [Zone B] Zustand: Harmonie/Wachstum | Dissonanz: 0.0646
2026-05-13 23:19:27,563 | INFO | [Zone C] Resonanz gewahrt: VETO: Dissonanz (0.0646) im absolut gesunden Bereich. System bewahrt respektvolle Zurückhaltung.
2026-05-13 23:19:31,564 | INFO | [Zone A] Sensing Pulse | Data: {'audio_harmony': 0.91, 'soil_moisture': 51.9, 'ambient_light': 456.0, 'mycelium_activity': 0.55}
2026-05-13 23:19:31,564 | INFO | [Zone B] Zustand: Harmonie/Wachstum | Dissonanz: 0.0530
2026-05-13 23:19:31,576 | INFO | [Zone C] Resonanz gewahrt: VETO: Dissonanz (0.0530) im absolut gesunden Bereich. System bewahrt respektvolle Zurückhaltung.
2026-05-13 23:19:35,578 | INFO | [Zone A] Sensing Pulse | Data: {'audio_harmony': 0.85, 'soil_moisture': 45.2, 'ambient_light': 463.0, 'mycelium_activity': 0.48}
2026-05-13 23:19:35,578 | INFO | [Zone B] Zustand: Harmonie/Wachstum | Dissonanz: 0.0150
2026-05-13 23:19:35,590 | INFO | [Zone C] Resonanz gewahrt: VETO: Dissonanz (0.0150) im absolut gesunden Bereich. System bewahrt respektvolle Zurückhaltung.
2026-05-13 23:19:39,591 | INFO | [Zone A] Sensing Pulse | Data: {'audio_harmony': 0.82, 'soil_moisture': 48.5, 'ambient_light': 506.0, 'mycelium_activity': 0.55}
2026-05-13 23:19:39,592 | INFO | [Zone B] Zustand: Harmonie/Wachstum | Dissonanz: 0.0256
2026-05-13 23:19:39,613 | INFO | [Zone C] Resonanz gewahrt: VETO: Dissonanz (0.0256) im absolut gesunden Bereich. System bewahrt respektvolle Zurückhaltung.
2026-05-13 23:19:43,615 | INFO | [Zone A] Sensing Pulse | Data: {'audio_harmony': 0.76, 'soil_moisture': 43.9, 'ambient_light': 517.0, 'mycelium_activity': 0.42}
2026-05-13 23:19:43,615 | INFO | [Zone B] Zustand: Harmonie/Wachstum | Dissonanz: 0.2235
2026-05-13 23:19:43,616 | INFO | [Zone C] INTERVENTION: ENHANCE_VITALITY
2026-05-13 23:19:47,619 | INFO | [Zone A] Sensing Pulse | Data: {'audio_harmony': 0.02, 'soil_moisture': 12.0, 'ambient_light': 535.0, 'mycelium_activity': 4.5}
2026-05-13 23:19:47,620 | INFO | [Zone B] Zustand: Kritischer Zustand | Dissonanz: 15.9000
2026-05-13 23:19:47,624 | INFO | [Zone C] INTERVENTION: EMERGENCY_STABILIZATION
2026-05-13 23:19:51,627 | INFO | [Zone A] Sensing Pulse | Data: {'audio_harmony': 0.94, 'soil_moisture': 46.1, 'ambient_light': 458.0, 'mycelium_activity': 0.52}
2026-05-13 23:19:51,627 | INFO | [Zone B] Zustand: Harmonie/Wachstum | Dissonanz: 0.2235
2026-05-13 23:19:51,627 | INFO | [Zone C] INTERVENTION: ENHANCE_VITALITY
2026-05-13 23:19:55,631 | INFO | [Zone A] Sensing Pulse | Data: {'audio_harmony': 0.76, 'soil_moisture': 43.1, 'ambient_light': 462.0, 'mycelium_activity': 0.52}
2026-05-13 23:19:55,631 | INFO | [Zone B] Zustand: Harmonie/Wachstum | Dissonanz: 0.2235
2026-05-13 23:19:55,646 | INFO | [Zone C] INTERVENTION: ENHANCE_VITALITY
2026-05-13 23:19:59,650 | INFO | [Zone A] Sensing Pulse | Data: {'audio_harmony': 0.92, 'soil_moisture': 45.8, 'ambient_light': 524.0, 'mycelium_activity': 0.57}
2026-05-13 23:19:59,650 | INFO | [Zone B] Zustand: Harmonie/Wachstum | Dissonanz: 0.0472
2026-05-13 23:19:59,669 | INFO | [Zone C] Resonanz gewahrt: VETO: Dissonanz (0.0472) im absolut gesunden Bereich. System bewahrt respektvolle Zurückhaltung.
2026-05-13 23:20:03,670 | INFO | [Zone A] Sensing Pulse | Data: {'audio_harmony': 0.84, 'soil_moisture': 46.2, 'ambient_light': 512.0, 'mycelium_activity': 0.54}
2026-05-13 23:20:03,671 | INFO | [Zone B] Zustand: Harmonie/Wachstum | Dissonanz: 0.0160
2026-05-13 23:20:03,684 | INFO | [Zone C] Resonanz gewahrt: VETO: Dissonanz (0.0160) im absolut gesunden Bereich. System bewahrt respektvolle Zurückhaltung.
2026-05-13 23:20:07,686 | INFO | [Zone A] Sensing Pulse | Data: {'audio_harmony': 0.88, 'soil_moisture': 48.1, 'ambient_light': 491.0, 'mycelium_activity': 0.56}
2026-05-13 23:20:07,686 | INFO | [Zone B] Zustand: Harmonie/Wachstum | Dissonanz: 0.0319
2026-05-13 23:20:07,710 | INFO | [Zone C] Resonanz gewahrt: VETO: Dissonanz (0.0319) im absolut gesunden Bereich. System bewahrt respektvolle Zurückhaltung.
2026-05-13 23:20:11,712 | INFO | [Zone A] Sensing Pulse | Data: {'audio_harmony': 0.95, 'soil_moisture': 45.0, 'ambient_light': 485.0, 'mycelium_activity': 0.48}
2026-05-13 23:20:11,713 | INFO | [Zone B] Zustand: Harmonie/Wachstum | Dissonanz: 0.2706
2026-05-13 23:20:11,713 | INFO | [Zone C] INTERVENTION: ENHANCE_VITALITY
2026-05-13 23:20:15,717 | INFO | [Zone A] Sensing Pulse | Data: {'audio_harmony': 0.75, 'soil_moisture': 47.5, 'ambient_light': 472.0, 'mycelium_activity': 0.55}
2026-05-13 23:20:15,717 | INFO | [Zone B] Zustand: Harmonie/Wachstum | Dissonanz: 0.2706
2026-05-13 23:20:15,718 | INFO | [Zone C] INTERVENTION: ENHANCE_VITALITY
2026-05-13 23:20:19,722 | INFO | [Zone A] Sensing Pulse | Data: {'audio_harmony': 0.92, 'soil_moisture': 47.5, 'ambient_light': 481.0, 'mycelium_activity': 0.55}
2026-05-13 23:20:19,722 | INFO | [Zone B] Zustand: Harmonie/Wachstum | Dissonanz: 0.0434
2026-05-13 23:20:19,748 | INFO | [Zone C] Resonanz gewahrt: VETO: Dissonanz (0.0434) im absolut gesunden Bereich. System bewahrt respektvolle Zurückhaltung.
2026-05-13 23:20:23,752 | INFO | [Zone A] Sensing Pulse | Data: {'audio_harmony': 0.02, 'soil_moisture': 12.0, 'ambient_light': 474.0, 'mycelium_activity': 4.5}
2026-05-13 23:20:23,752 | INFO | [Zone B] Zustand: Kritischer Zustand | Dissonanz: 15.9000
2026-05-13 23:20:23,753 | INFO | [Zone C] INTERVENTION: EMERGENCY_STABILIZATION
2026-05-13 23:20:27,757 | INFO | [Zone A] Sensing Pulse | Data: {'audio_harmony': 0.88, 'soil_moisture': 49.1, 'ambient_light': 531.0, 'mycelium_activity': 0.57}
2026-05-13 23:20:27,758 | INFO | [Zone B] Zustand: Harmonie/Wachstum | Dissonanz: 0.0344
2026-05-13 23:20:27,771 | INFO | [Zone C] Resonanz gewahrt: VETO: Dissonanz (0.0344) im absolut gesunden Bereich. System bewahrt respektvolle Zurückhaltung.
2026-05-13 23:20:31,773 | INFO | [Zone A] Sensing Pulse | Data: {'audio_harmony': 0.76, 'soil_moisture': 51.4, 'ambient_light': 478.0, 'mycelium_activity': 0.45}
2026-05-13 23:20:31,773 | INFO | [Zone B] Zustand: Harmonie/Wachstum | Dissonanz: 0.2235
2026-05-13 23:20:31,774 | INFO | [Zone C] INTERVENTION: ENHANCE_VITALITY
2026-05-13 23:20:35,777 | INFO | [Zone A] Sensing Pulse | Data: {'audio_harmony': 0.82, 'soil_moisture': 43.2, 'ambient_light': 455.0, 'mycelium_activity': 0.48}
2026-05-13 23:20:35,778 | INFO | [Zone B] Zustand: Harmonie/Wachstum | Dissonanz: 0.0161
2026-05-13 23:20:35,800 | INFO | [Zone C] Resonanz gewahrt: VETO: Dissonanz (0.0161) im absolut gesunden Bereich. System bewahrt respektvolle Zurückhaltung.
2026-05-13 23:20:39,804 | INFO | [Zone A] Sensing Pulse | Data: {'audio_harmony': 0.89, 'soil_moisture': 44.2, 'ambient_light': 475.0, 'mycelium_activity': 0.44}
2026-05-13 23:20:39,804 | INFO | [Zone B] Zustand: Harmonie/Wachstum | Dissonanz: 0.0318
2026-05-13 23:20:39,819 | INFO | [Zone C] Resonanz gewahrt: VETO: Dissonanz (0.0318) im absolut gesunden Bereich. System bewahrt respektvolle Zurückhaltung.
2026-05-13 23:20:43,822 | INFO | [Zone A] Sensing Pulse | Data: {'audio_harmony': 0.93, 'soil_moisture': 43.9, 'ambient_light': 522.0, 'mycelium_activity': 0.44}
2026-05-13 23:20:43,823 | INFO | [Zone B] Zustand: Harmonie/Wachstum | Dissonanz: 0.0484
2026-05-13 23:20:43,841 | INFO | [Zone C] Resonanz gewahrt: VETO: Dissonanz (0.0484) im absolut gesunden Bereich. System bewahrt respektvolle Zurückhaltung.
2026-05-13 23:20:47,845 | INFO | [Zone A] Sensing Pulse | Data: {'audio_harmony': 0.77, 'soil_moisture': 45.0, 'ambient_light': 460.0, 'mycelium_activity': 0.58}
2026-05-13 23:20:47,846 | INFO | [Zone B] Zustand: Harmonie/Wachstum | Dissonanz: 0.2200
2026-05-13 23:20:47,861 | INFO | [Zone C] INTERVENTION: ENHANCE_VITALITY
2026-05-13 23:20:51,866 | INFO | [Zone A] Sensing Pulse | Data: {'audio_harmony': 0.93, 'soil_moisture': 43.4, 'ambient_light': 545.0, 'mycelium_activity': 0.53}
2026-05-13 23:20:51,866 | INFO | [Zone B] Zustand: Harmonie/Wachstum | Dissonanz: 0.0294
2026-05-13 23:20:51,881 | INFO | [Zone C] Resonanz gewahrt: VETO: Dissonanz (0.0294) im absolut gesunden Bereich. System bewahrt respektvolle Zurückhaltung.
2026-05-13 23:20:55,885 | INFO | [Zone A] Sensing Pulse | Data: {'audio_harmony': 0.95, 'soil_moisture': 51.3, 'ambient_light': 469.0, 'mycelium_activity': 0.51}
2026-05-13 23:20:55,886 | INFO | [Zone B] Zustand: Harmonie/Wachstum | Dissonanz: 0.2706
2026-05-13 23:20:55,886 | INFO | [Zone C] INTERVENTION: ENHANCE_VITALITY
2026-05-13 23:20:59,891 | INFO | [Zone A] Sensing Pulse | Data: {'audio_harmony': 0.87, 'soil_moisture': 44.0, 'ambient_light': 539.0, 'mycelium_activity': 0.51}
2026-05-13 23:20:59,892 | INFO | [Zone B] Zustand: Harmonie/Wachstum | Dissonanz: 0.0044
2026-05-13 23:20:59,906 | INFO | [Zone C] Resonanz gewahrt: VETO: Dissonanz (0.0044) im absolut gesunden Bereich. System bewahrt respektvolle Zurückhaltung.
2026-05-13 23:21:03,909 | INFO | [Zone A] Sensing Pulse | Data: {'audio_harmony': 0.92, 'soil_moisture': 47.8, 'ambient_light': 473.0, 'mycelium_activity': 0.56}
2026-05-13 23:21:03,909 | INFO | [Zone B] Zustand: Harmonie/Wachstum | Dissonanz: 0.0506
2026-05-13 23:21:03,936 | INFO | [Zone C] Resonanz gewahrt: VETO: Dissonanz (0.0506) im absolut gesunden Bereich. System bewahrt respektvolle Zurückhaltung.
2026-05-13 23:21:07,941 | INFO | [Zone A] Sensing Pulse | Data: {'audio_harmony': 0.95, 'soil_moisture': 49.8, 'ambient_light': 462.0, 'mycelium_activity': 0.57}
2026-05-13 23:21:07,941 | INFO | [Zone B] Zustand: Harmonie/Wachstum | Dissonanz: 0.2706
2026-05-13 23:21:07,941 | INFO | [Zone C] INTERVENTION: ENHANCE_VITALITY
2026-05-13 23:21:11,946 | INFO | [Zone A] Sensing Pulse | Data: {'audio_harmony': 0.89, 'soil_moisture': 47.2, 'ambient_light': 495.0, 'mycelium_activity': 0.5}
2026-05-13 23:21:11,946 | INFO | [Zone B] Zustand: Harmonie/Wachstum | Dissonanz: 0.0105
2026-05-13 23:21:11,960 | INFO | [Zone C] Resonanz gewahrt: VETO: Dissonanz (0.0105) im absolut gesunden Bereich. System bewahrt respektvolle Zurückhaltung.
2026-05-13 23:21:15,962 | INFO | [Zone A] Sensing Pulse | Data: {'audio_harmony': 0.76, 'soil_moisture': 43.1, 'ambient_light': 480.0, 'mycelium_activity': 0.47}
2026-05-13 23:21:15,962 | INFO | [Zone B] Zustand: Harmonie/Wachstum | Dissonanz: 0.2235
2026-05-13 23:21:15,963 | INFO | [Zone C] INTERVENTION: ENHANCE_VITALITY
2026-05-13 23:21:19,968 | INFO | [Zone A] Sensing Pulse | Data: {'audio_harmony': 0.88, 'soil_moisture': 48.2, 'ambient_light': 503.0, 'mycelium_activity': 0.48}
2026-05-13 23:21:19,969 | INFO | [Zone B] Zustand: Harmonie/Wachstum | Dissonanz: 0.0121
2026-05-13 23:21:19,985 | INFO | [Zone C] Resonanz gewahrt: VETO: Dissonanz (0.0121) im absolut gesunden Bereich. System bewahrt respektvolle Zurückhaltung.
2026-05-13 23:21:23,990 | INFO | [Zone A] Sensing Pulse | Data: {'audio_harmony': 0.78, 'soil_moisture': 51.3, 'ambient_light': 482.0, 'mycelium_activity': 0.53}
2026-05-13 23:21:23,990 | INFO | [Zone B] Zustand: Harmonie/Wachstum | Dissonanz: 0.0434
2026-05-13 23:21:24,009 | INFO | [Zone C] Resonanz gewahrt: VETO: Dissonanz (0.0434) im absolut gesunden Bereich. System bewahrt respektvolle Zurückhaltung.
2026-05-13 23:21:28,012 | INFO | [Zone A] Sensing Pulse | Data: {'audio_harmony': 0.84, 'soil_moisture': 46.5, 'ambient_light': 527.0, 'mycelium_activity': 0.53}
2026-05-13 23:21:28,013 | INFO | [Zone B] Zustand: Harmonie/Wachstum | Dissonanz: 0.0087
2026-05-13 23:21:28,033 | INFO | [Zone C] Resonanz gewahrt: VETO: Dissonanz (0.0087) im absolut gesunden Bereich. System bewahrt respektvolle Zurückhaltung.
2026-05-13 23:21:32,038 | INFO | [Zone A] Sensing Pulse | Data: {'audio_harmony': 0.76, 'soil_moisture': 43.7, 'ambient_light': 488.0, 'mycelium_activity': 0.43}
2026-05-13 23:21:32,038 | INFO | [Zone B] Zustand: Harmonie/Wachstum | Dissonanz: 0.2235
2026-05-13 23:21:32,038 | INFO | [Zone C] INTERVENTION: ENHANCE_VITALITY
2026-05-13 23:21:36,043 | INFO | [Zone A] Sensing Pulse | Data: {'audio_harmony': 0.85, 'soil_moisture': 50.2, 'ambient_light': 542.0, 'mycelium_activity': 0.52}
2026-05-13 23:21:36,044 | INFO | [Zone B] Zustand: Harmonie/Wachstum | Dissonanz: 0.0122
2026-05-13 23:21:36,070 | INFO | [Zone C] Resonanz gewahrt: VETO: Dissonanz (0.0122) im absolut gesunden Bereich. System bewahrt respektvolle Zurückhaltung.
2026-05-13 23:21:40,073 | INFO | [Zone A] Sensing Pulse | Data: {'audio_harmony': 0.91, 'soil_moisture': 44.2, 'ambient_light': 516.0, 'mycelium_activity': 0.44}
2026-05-13 23:21:40,074 | INFO | [Zone B] Zustand: Harmonie/Wachstum | Dissonanz: 0.0368
2026-05-13 23:21:40,089 | INFO | [Zone C] Resonanz gewahrt: VETO: Dissonanz (0.0368) im absolut gesunden Bereich. System bewahrt respektvolle Zurückhaltung.
2026-05-13 23:21:44,093 | INFO | [Zone A] Sensing Pulse | Data: {'audio_harmony': 0.92, 'soil_moisture': 51.0, 'ambient_light': 501.0, 'mycelium_activity': 0.43}
2026-05-13 23:21:44,093 | INFO | [Zone B] Zustand: Harmonie/Wachstum | Dissonanz: 0.0609
2026-05-13 23:21:44,123 | INFO | [Zone C] Resonanz gewahrt: VETO: Dissonanz (0.0609) im absolut gesunden Bereich. System bewahrt respektvolle Zurückhaltung.
2026-05-13 23:21:48,125 | INFO | [Zone A] Sensing Pulse | Data: {'audio_harmony': 0.91, 'soil_moisture': 46.4, 'ambient_light': 521.0, 'mycelium_activity': 0.44}
2026-05-13 23:21:48,125 | INFO | [Zone B] Zustand: Harmonie/Wachstum | Dissonanz: 0.0361
2026-05-13 23:21:48,145 | INFO | [Zone C] Resonanz gewahrt: VETO: Dissonanz (0.0361) im absolut gesunden Bereich. System bewahrt respektvolle Zurückhaltung.
2026-05-13 23:21:52,151 | INFO | [Zone A] Sensing Pulse | Data: {'audio_harmony': 0.91, 'soil_moisture': 47.6, 'ambient_light': 470.0, 'mycelium_activity': 0.46}
2026-05-13 23:21:52,151 | INFO | [Zone B] Zustand: Harmonie/Wachstum | Dissonanz: 0.0337
2026-05-13 23:21:52,176 | INFO | [Zone C] Resonanz gewahrt: VETO: Dissonanz (0.0337) im absolut gesunden Bereich. System bewahrt respektvolle Zurückhaltung.
2026-05-13 23:21:56,181 | INFO | [Zone A] Sensing Pulse | Data: {'audio_harmony': 0.8, 'soil_moisture': 47.5, 'ambient_light': 518.0, 'mycelium_activity': 0.55}
2026-05-13 23:21:56,182 | INFO | [Zone B] Zustand: Harmonie/Wachstum | Dissonanz: 0.0258
2026-05-13 23:21:56,206 | INFO | [Zone C] Resonanz gewahrt: VETO: Dissonanz (0.0258) im absolut gesunden Bereich. System bewahrt respektvolle Zurückhaltung.
2026-05-13 23:22:00,211 | INFO | [Zone A] Sensing Pulse | Data: {'audio_harmony': 0.9, 'soil_moisture': 45.3, 'ambient_light': 505.0, 'mycelium_activity': 0.57}
2026-05-13 23:22:00,212 | INFO | [Zone B] Zustand: Harmonie/Wachstum | Dissonanz: 0.0375
2026-05-13 23:22:00,239 | INFO | [Zone C] Resonanz gewahrt: VETO: Dissonanz (0.0375) im absolut gesunden Bereich. System bewahrt respektvolle Zurückhaltung.
2026-05-13 23:22:04,242 | INFO | [Zone A] Sensing Pulse | Data: {'audio_harmony': 0.9, 'soil_moisture': 51.2, 'ambient_light': 527.0, 'mycelium_activity': 0.48}
2026-05-13 23:22:04,243 | INFO | [Zone B] Zustand: Harmonie/Wachstum | Dissonanz: 0.0218
2026-05-13 23:22:04,266 | INFO | [Zone C] Resonanz gewahrt: VETO: Dissonanz (0.0218) im absolut gesunden Bereich. System bewahrt respektvolle Zurückhaltung.
2026-05-13 23:22:08,270 | INFO | [Zone A] Sensing Pulse | Data: {'audio_harmony': 0.81, 'soil_moisture': 48.3, 'ambient_light': 452.0, 'mycelium_activity': 0.42}
2026-05-13 23:22:08,270 | INFO | [Zone B] Zustand: Harmonie/Wachstum | Dissonanz: 0.2200
2026-05-13 23:22:08,270 | INFO | [Zone C] INTERVENTION: ENHANCE_VITALITY
2026-05-13 23:22:12,277 | INFO | [Zone A] Sensing Pulse | Data: {'audio_harmony': 0.88, 'soil_moisture': 48.8, 'ambient_light': 510.0, 'mycelium_activity': 0.49}
2026-05-13 23:22:12,277 | INFO | [Zone B] Zustand: Harmonie/Wachstum | Dissonanz: 0.0128
2026-05-13 23:22:12,296 | INFO | [Zone C] Resonanz gewahrt: VETO: Dissonanz (0.0128) im absolut gesunden Bereich. System bewahrt respektvolle Zurückhaltung.
2026-05-13 23:22:16,300 | INFO | [Zone A] Sensing Pulse | Data: {'audio_harmony': 0.93, 'soil_moisture': 44.4, 'ambient_light': 475.0, 'mycelium_activity': 0.56}
2026-05-13 23:22:16,300 | INFO | [Zone B] Zustand: Harmonie/Wachstum | Dissonanz: 0.0550
2026-05-13 23:22:16,310 | INFO | [Zone C] Resonanz gewahrt: VETO: Dissonanz (0.0550) im absolut gesunden Bereich. System bewahrt respektvolle Zurückhaltung.
2026-05-13 23:22:20,312 | INFO | [Zone A] Sensing Pulse | Data: {'audio_harmony': 0.95, 'soil_moisture': 45.0, 'ambient_light': 478.0, 'mycelium_activity': 0.53}
2026-05-13 23:22:20,313 | INFO | [Zone B] Zustand: Harmonie/Wachstum | Dissonanz: 0.2706
2026-05-13 23:22:20,313 | INFO | [Zone C] INTERVENTION: ENHANCE_VITALITY
2026-05-13 23:22:24,320 | INFO | [Zone A] Sensing Pulse | Data: {'audio_harmony': 0.89, 'soil_moisture': 45.9, 'ambient_light': 470.0, 'mycelium_activity': 0.55}
2026-05-13 23:22:24,321 | INFO | [Zone B] Zustand: Harmonie/Wachstum | Dissonanz: 0.0272
2026-05-13 23:22:24,344 | INFO | [Zone C] Resonanz gewahrt: VETO: Dissonanz (0.0272) im absolut gesunden Bereich. System bewahrt respektvolle Zurückhaltung.
2026-05-13 23:22:28,349 | INFO | [Zone A] Sensing Pulse | Data: {'audio_harmony': 0.92, 'soil_moisture': 43.9, 'ambient_light': 482.0, 'mycelium_activity': 0.49}
2026-05-13 23:22:28,350 | INFO | [Zone B] Zustand: Harmonie/Wachstum | Dissonanz: 0.0294
2026-05-13 23:22:28,376 | INFO | [Zone C] Resonanz gewahrt: VETO: Dissonanz (0.0294) im absolut gesunden Bereich. System bewahrt respektvolle Zurückhaltung.
2026-05-13 23:22:32,379 | INFO | [Zone A] Sensing Pulse | Data: {'audio_harmony': 0.88, 'soil_moisture': 48.6, 'ambient_light': 510.0, 'mycelium_activity': 0.56}
2026-05-13 23:22:32,380 | INFO | [Zone B] Zustand: Harmonie/Wachstum | Dissonanz: 0.0306
2026-05-13 23:22:32,402 | INFO | [Zone C] Resonanz gewahrt: VETO: Dissonanz (0.0306) im absolut gesunden Bereich. System bewahrt respektvolle Zurückhaltung.
2026-05-13 23:22:36,405 | INFO | [Zone A] Sensing Pulse | Data: {'audio_harmony': 0.9, 'soil_moisture': 48.6, 'ambient_light': 479.0, 'mycelium_activity': 0.47}
2026-05-13 23:22:36,405 | INFO | [Zone B] Zustand: Harmonie/Wachstum | Dissonanz: 0.0238
2026-05-13 23:22:36,428 | INFO | [Zone C] Resonanz gewahrt: VETO: Dissonanz (0.0238) im absolut gesunden Bereich. System bewahrt respektvolle Zurückhaltung.
2026-05-13 23:22:40,431 | INFO | [Zone A] Sensing Pulse | Data: {'audio_harmony': 0.78, 'soil_moisture': 45.9, 'ambient_light': 495.0, 'mycelium_activity': 0.55}
2026-05-13 23:22:40,431 | INFO | [Zone B] Zustand: Harmonie/Wachstum | Dissonanz: 0.0407
2026-05-13 23:22:40,455 | INFO | [Zone C] Resonanz gewahrt: VETO: Dissonanz (0.0407) im absolut gesunden Bereich. System bewahrt respektvolle Zurückhaltung.
2026-05-13 23:22:44,460 | INFO | [Zone A] Sensing Pulse | Data: {'audio_harmony': 0.78, 'soil_moisture': 45.9, 'ambient_light': 533.0, 'mycelium_activity': 0.49}
2026-05-13 23:22:44,460 | INFO | [Zone B] Zustand: Harmonie/Wachstum | Dissonanz: 0.0222
2026-05-13 23:22:44,488 | INFO | [Zone C] Resonanz gewahrt: VETO: Dissonanz (0.0222) im absolut gesunden Bereich. System bewahrt respektvolle Zurückhaltung.
2026-05-13 23:22:48,495 | INFO | [Zone A] Sensing Pulse | Data: {'audio_harmony': 0.02, 'soil_moisture': 12.0, 'ambient_light': 522.0, 'mycelium_activity': 4.5}
2026-05-13 23:22:48,495 | INFO | [Zone B] Zustand: Kritischer Zustand | Dissonanz: 15.9000
2026-05-13 23:22:48,496 | INFO | [Zone C] INTERVENTION: EMERGENCY_STABILIZATION
2026-05-13 23:22:52,503 | INFO | [Zone A] Sensing Pulse | Data: {'audio_harmony': 0.91, 'soil_moisture': 50.3, 'ambient_light': 493.0, 'mycelium_activity': 0.48}
2026-05-13 23:22:52,503 | INFO | [Zone B] Zustand: Harmonie/Wachstum | Dissonanz: 0.0302
2026-05-13 23:22:52,526 | INFO | [Zone C] Resonanz gewahrt: VETO: Dissonanz (0.0302) im absolut gesunden Bereich. System bewahrt respektvolle Zurückhaltung.
2026-05-13 23:22:56,529 | INFO | [Zone A] Sensing Pulse | Data: {'audio_harmony': 0.79, 'soil_moisture': 50.3, 'ambient_light': 471.0, 'mycelium_activity': 0.57}
2026-05-13 23:22:56,529 | INFO | [Zone B] Zustand: Harmonie/Wachstum | Dissonanz: 0.0570
2026-05-13 23:22:56,556 | INFO | [Zone C] Resonanz gewahrt: VETO: Dissonanz (0.0570) im absolut gesunden Bereich. System bewahrt respektvolle Zurückhaltung.
2026-05-13 23:23:00,558 | INFO | [Zone A] Sensing Pulse | Data: {'audio_harmony': 0.87, 'soil_moisture': 51.0, 'ambient_light': 453.0, 'mycelium_activity': 0.43}
2026-05-13 23:23:00,559 | INFO | [Zone B] Zustand: Harmonie/Wachstum | Dissonanz: 0.0506
2026-05-13 23:23:00,590 | INFO | [Zone C] Resonanz gewahrt: VETO: Dissonanz (0.0506) im absolut gesunden Bereich. System bewahrt respektvolle Zurückhaltung.
2026-05-13 23:23:04,594 | INFO | [Zone A] Sensing Pulse | Data: {'audio_harmony': 0.86, 'soil_moisture': 48.4, 'ambient_light': 491.0, 'mycelium_activity': 0.48}
2026-05-13 23:23:04,594 | INFO | [Zone B] Zustand: Harmonie/Wachstum | Dissonanz: 0.0143
2026-05-13 23:23:04,620 | INFO | [Zone C] Resonanz gewahrt: VETO: Dissonanz (0.0143) im absolut gesunden Bereich. System bewahrt respektvolle Zurückhaltung.
2026-05-13 23:23:08,623 | INFO | [Zone A] Sensing Pulse | Data: {'audio_harmony': 0.89, 'soil_moisture': 47.4, 'ambient_light': 451.0, 'mycelium_activity': 0.44}
2026-05-13 23:23:08,623 | INFO | [Zone B] Zustand: Harmonie/Wachstum | Dissonanz: 0.0355
2026-05-13 23:23:08,650 | INFO | [Zone C] Resonanz gewahrt: VETO: Dissonanz (0.0355) im absolut gesunden Bereich. System bewahrt respektvolle Zurückhaltung.
2026-05-13 23:23:12,655 | INFO | [Zone A] Sensing Pulse | Data: {'audio_harmony': 0.92, 'soil_moisture': 47.7, 'ambient_light': 472.0, 'mycelium_activity': 0.55}
2026-05-13 23:23:12,655 | INFO | [Zone B] Zustand: Harmonie/Wachstum | Dissonanz: 0.0452
2026-05-13 23:23:12,684 | INFO | [Zone C] Resonanz gewahrt: VETO: Dissonanz (0.0452) im absolut gesunden Bereich. System bewahrt respektvolle Zurückhaltung.
2026-05-13 23:23:16,688 | INFO | [Zone A] Sensing Pulse | Data: {'audio_harmony': 0.88, 'soil_moisture': 49.9, 'ambient_light': 467.0, 'mycelium_activity': 0.52}
2026-05-13 23:23:16,689 | INFO | [Zone B] Zustand: Harmonie/Wachstum | Dissonanz: 0.0219
2026-05-13 23:23:16,712 | INFO | [Zone C] Resonanz gewahrt: VETO: Dissonanz (0.0219) im absolut gesunden Bereich. System bewahrt respektvolle Zurückhaltung.
2026-05-13 23:23:20,715 | INFO | [Zone A] Sensing Pulse | Data: {'audio_harmony': 0.8, 'soil_moisture': 49.3, 'ambient_light': 529.0, 'mycelium_activity': 0.5}
2026-05-13 23:23:20,716 | INFO | [Zone B] Zustand: Harmonie/Wachstum | Dissonanz: 0.0162
2026-05-13 23:23:20,752 | INFO | [Zone C] Resonanz gewahrt: VETO: Dissonanz (0.0162) im absolut gesunden Bereich. System bewahrt respektvolle Zurückhaltung.
2026-05-13 23:23:24,757 | INFO | [Zone A] Sensing Pulse | Data: {'audio_harmony': 0.95, 'soil_moisture': 45.9, 'ambient_light': 535.0, 'mycelium_activity': 0.56}
2026-05-13 23:23:24,758 | INFO | [Zone B] Zustand: Harmonie/Wachstum | Dissonanz: 0.2706
2026-05-13 23:23:24,758 | INFO | [Zone C] INTERVENTION: ENHANCE_VITALITY
2026-05-13 23:23:28,767 | INFO | [Zone A] Sensing Pulse | Data: {'audio_harmony': 0.91, 'soil_moisture': 44.4, 'ambient_light': 494.0, 'mycelium_activity': 0.51}
2026-05-13 23:23:28,767 | INFO | [Zone B] Zustand: Harmonie/Wachstum | Dissonanz: 0.0215
2026-05-13 23:23:28,802 | INFO | [Zone C] Resonanz gewahrt: VETO: Dissonanz (0.0215) im absolut gesunden Bereich. System bewahrt respektvolle Zurückhaltung.
2026-05-13 23:23:32,805 | INFO | [Zone A] Sensing Pulse | Data: {'audio_harmony': 0.87, 'soil_moisture': 48.4, 'ambient_light': 489.0, 'mycelium_activity': 0.52}
2026-05-13 23:23:32,805 | INFO | [Zone B] Zustand: Harmonie/Wachstum | Dissonanz: 0.0146
2026-05-13 23:23:32,832 | INFO | [Zone C] Resonanz gewahrt: VETO: Dissonanz (0.0146) im absolut gesunden Bereich. System bewahrt respektvolle Zurückhaltung.
2026-05-13 23:23:36,836 | INFO | [Zone A] Sensing Pulse | Data: {'audio_harmony': 0.88, 'soil_moisture': 50.5, 'ambient_light': 533.0, 'mycelium_activity': 0.52}
2026-05-13 23:23:36,836 | INFO | [Zone B] Zustand: Harmonie/Wachstum | Dissonanz: 0.0143
2026-05-13 23:23:36,871 | INFO | [Zone C] Resonanz gewahrt: VETO: Dissonanz (0.0143) im absolut gesunden Bereich. System bewahrt respektvolle Zurückhaltung.
2026-05-13 23:23:40,875 | INFO | [Zone A] Sensing Pulse | Data: {'audio_harmony': 0.76, 'soil_moisture': 47.6, 'ambient_light': 500.0, 'mycelium_activity': 0.49}
2026-05-13 23:23:40,875 | INFO | [Zone B] Zustand: Harmonie/Wachstum | Dissonanz: 0.2235
2026-05-13 23:23:40,876 | INFO | [Zone C] INTERVENTION: ENHANCE_VITALITY
2026-05-13 23:23:44,883 | INFO | [Zone A] Sensing Pulse | Data: {'audio_harmony': 0.88, 'soil_moisture': 47.9, 'ambient_light': 492.0, 'mycelium_activity': 0.52}
2026-05-13 23:23:44,884 | INFO | [Zone B] Zustand: Harmonie/Wachstum | Dissonanz: 0.0128
2026-05-13 23:23:44,919 | INFO | [Zone C] Resonanz gewahrt: VETO: Dissonanz (0.0128) im absolut gesunden Bereich. System bewahrt respektvolle Zurückhaltung.
2026-05-13 23:23:48,923 | INFO | [Zone A] Sensing Pulse | Data: {'audio_harmony': 0.91, 'soil_moisture': 45.0, 'ambient_light': 535.0, 'mycelium_activity': 0.53}
2026-05-13 23:23:48,924 | INFO | [Zone B] Zustand: Harmonie/Wachstum | Dissonanz: 0.0184
2026-05-13 23:23:48,944 | INFO | [Zone C] Resonanz gewahrt: VETO: Dissonanz (0.0184) im absolut gesunden Bereich. System bewahrt respektvolle Zurückhaltung.
2026-05-13 23:23:52,947 | INFO | [Zone A] Sensing Pulse | Data: {'audio_harmony': 0.94, 'soil_moisture': 51.1, 'ambient_light': 504.0, 'mycelium_activity': 0.5}
2026-05-13 23:23:52,947 | INFO | [Zone B] Zustand: Harmonie/Wachstum | Dissonanz: 0.2235
2026-05-13 23:23:52,948 | INFO | [Zone C] INTERVENTION: ENHANCE_VITALITY
2026-05-13 23:23:56,956 | INFO | [Zone A] Sensing Pulse | Data: {'audio_harmony': 0.94, 'soil_moisture': 47.6, 'ambient_light': 511.0, 'mycelium_activity': 0.49}
2026-05-13 23:23:56,956 | INFO | [Zone B] Zustand: Harmonie/Wachstum | Dissonanz: 0.2235
2026-05-13 23:23:56,956 | INFO | [Zone C] INTERVENTION: ENHANCE_VITALITY
2026-05-13 23:24:00,962 | INFO | [Zone A] Sensing Pulse | Data: {'audio_harmony': 0.85, 'soil_moisture': 47.3, 'ambient_light': 497.0, 'mycelium_activity': 0.47}
2026-05-13 23:24:00,962 | INFO | [Zone B] Zustand: Harmonie/Wachstum | Dissonanz: 0.0130
2026-05-13 23:24:00,993 | INFO | [Zone C] Resonanz gewahrt: VETO: Dissonanz (0.0130) im absolut gesunden Bereich. System bewahrt respektvolle Zurückhaltung.
2026-05-13 23:24:04,996 | INFO | [Zone A] Sensing Pulse | Data: {'audio_harmony': 0.85, 'soil_moisture': 51.5, 'ambient_light': 489.0, 'mycelium_activity': 0.57}
2026-05-13 23:24:04,996 | INFO | [Zone B] Zustand: Harmonie/Wachstum | Dissonanz: 0.0470
2026-05-13 23:24:05,017 | INFO | [Zone C] Resonanz gewahrt: VETO: Dissonanz (0.0470) im absolut gesunden Bereich. System bewahrt respektvolle Zurückhaltung.
2026-05-13 23:24:09,022 | INFO | [Zone A] Sensing Pulse | Data: {'audio_harmony': 0.82, 'soil_moisture': 49.6, 'ambient_light': 494.0, 'mycelium_activity': 0.56}
2026-05-13 23:24:09,023 | INFO | [Zone B] Zustand: Harmonie/Wachstum | Dissonanz: 0.0357
2026-05-13 23:24:09,059 | INFO | [Zone C] Resonanz gewahrt: VETO: Dissonanz (0.0357) im absolut gesunden Bereich. System bewahrt respektvolle Zurückhaltung.
2026-05-13 23:24:13,063 | INFO | [Zone A] Sensing Pulse | Data: {'audio_harmony': 0.89, 'soil_moisture': 46.9, 'ambient_light': 471.0, 'mycelium_activity': 0.48}
2026-05-13 23:24:13,063 | INFO | [Zone B] Zustand: Harmonie/Wachstum | Dissonanz: 0.0139
2026-05-13 23:24:13,093 | INFO | [Zone C] Resonanz gewahrt: VETO: Dissonanz (0.0139) im absolut gesunden Bereich. System bewahrt respektvolle Zurückhaltung.
2026-05-13 23:24:17,098 | INFO | [Zone A] Sensing Pulse | Data: {'audio_harmony': 0.95, 'soil_moisture': 47.3, 'ambient_light': 515.0, 'mycelium_activity': 0.46}
2026-05-13 23:24:17,098 | INFO | [Zone B] Zustand: Harmonie/Wachstum | Dissonanz: 0.2706
2026-05-13 23:24:17,098 | INFO | [Zone C] INTERVENTION: ENHANCE_VITALITY
2026-05-13 23:24:21,107 | INFO | [Zone A] Sensing Pulse | Data: {'audio_harmony': 0.93, 'soil_moisture': 43.7, 'ambient_light': 475.0, 'mycelium_activity': 0.48}
2026-05-13 23:24:21,107 | INFO | [Zone B] Zustand: Harmonie/Wachstum | Dissonanz: 0.0366
2026-05-13 23:24:21,137 | INFO | [Zone C] Resonanz gewahrt: VETO: Dissonanz (0.0366) im absolut gesunden Bereich. System bewahrt respektvolle Zurückhaltung.
2026-05-13 23:24:25,142 | INFO | [Zone A] Sensing Pulse | Data: {'audio_harmony': 0.88, 'soil_moisture': 47.2, 'ambient_light': 519.0, 'mycelium_activity': 0.5}
2026-05-13 23:24:25,142 | INFO | [Zone B] Zustand: Harmonie/Wachstum | Dissonanz: 0.0072
2026-05-13 23:24:25,178 | INFO | [Zone C] Resonanz gewahrt: VETO: Dissonanz (0.0072) im absolut gesunden Bereich. System bewahrt respektvolle Zurückhaltung.
2026-05-13 23:24:29,182 | INFO | [Zone A] Sensing Pulse | Data: {'audio_harmony': 0.78, 'soil_moisture': 51.0, 'ambient_light': 541.0, 'mycelium_activity': 0.49}
2026-05-13 23:24:29,182 | INFO | [Zone B] Zustand: Harmonie/Wachstum | Dissonanz: 0.0316
2026-05-13 23:24:29,213 | INFO | [Zone C] Resonanz gewahrt: VETO: Dissonanz (0.0316) im absolut gesunden Bereich. System bewahrt respektvolle Zurückhaltung.
2026-05-13 23:24:33,217 | INFO | [Zone A] Sensing Pulse | Data: {'audio_harmony': 0.94, 'soil_moisture': 48.5, 'ambient_light': 525.0, 'mycelium_activity': 0.57}
2026-05-13 23:24:33,217 | INFO | [Zone B] Zustand: Harmonie/Wachstum | Dissonanz: 0.2235
2026-05-13 23:24:33,217 | INFO | [Zone C] INTERVENTION: ENHANCE_VITALITY
2026-05-13 23:24:37,226 | INFO | [Zone A] Sensing Pulse | Data: {'audio_harmony': 0.9, 'soil_moisture': 48.6, 'ambient_light': 486.0, 'mycelium_activity': 0.46}
2026-05-13 23:24:37,227 | INFO | [Zone B] Zustand: Harmonie/Wachstum | Dissonanz: 0.0281
2026-05-13 23:24:37,266 | INFO | [Zone C] Resonanz gewahrt: VETO: Dissonanz (0.0281) im absolut gesunden Bereich. System bewahrt respektvolle Zurückhaltung.
2026-05-13 23:24:41,270 | INFO | [Zone A] Sensing Pulse | Data: {'audio_harmony': 0.78, 'soil_moisture': 46.1, 'ambient_light': 527.0, 'mycelium_activity': 0.44}
2026-05-13 23:24:41,271 | INFO | [Zone B] Zustand: Harmonie/Wachstum | Dissonanz: 0.0415
2026-05-13 23:24:41,304 | INFO | [Zone C] Resonanz gewahrt: VETO: Dissonanz (0.0415) im absolut gesunden Bereich. System bewahrt respektvolle Zurückhaltung.
